<?xml version="1.0" encoding="UTF-8"?><testsuite failures="1" name="cucumber.runtime.formatter.JUnitFormatter" skipped="0" tests="3" time="278.831004">
<testcase classname="This feature file contains scenarios for Contact creation and Deals creation" name="This scenario is to create Contact in CRM Application" time="118.881824">
<system-out><![CDATA[Given User is on CRMHomePage................................................passed
When User Navigates to New Contacts Page....................................passed
Then User enters FirstName and LastName and Position details................passed
Then Contact Created........................................................passed
]]></system-out>
</testcase>
<testcase classname="This feature file contains scenarios for Contact creation and Deals creation" name="This scenario is to create Deal in CRM Application" time="70.242367">
<system-out><![CDATA[Given User is on CRMHomePage................................................passed
Then User move to New Deal Page.............................................passed
Then User enters deals details..............................................passed
Then Deal Created Succesfully...............................................passed
]]></system-out>
</testcase>
<testcase classname="This feature file contains scenarios for Contact creation and Deals creation" name="This scenario is to create Case in CRM Application" time="89.706813">
<failure message="org.openqa.selenium.NoSuchElementException: no such element: Unable to locate element: {&quot;method&quot;:&quot;xpath&quot;,&quot;selector&quot;:&quot;//input[@name='version']&quot;}&#10;  (Session info: chrome=68.0.3440.106)&#10;  (Driver info: chromedriver=2.41.578737 (49da6702b16031c40d63e5618de03a32ff6c197e),platform=Windows NT 10.0.17134 x86_64) (WARNING: The server did not provide any stacktrace information)&#10;Command duration or timeout: 0 milliseconds&#10;For documentation on this error, please visit: http://seleniumhq.org/exceptions/no_such_element.html&#10;Build info: version: '3.5.3', revision: 'a88d25fe6b', time: '2017-08-29T12:42:44.417Z'&#10;System info: host: 'DESKTOP-E8IIGOH', ip: '192.168.0.8', os.name: 'Windows 10', os.arch: 'amd64', os.version: '10.0', java.version: '1.8.0_121'&#10;Driver info: org.openqa.selenium.chrome.ChromeDriver&#10;Capabilities [{mobileEmulationEnabled=false, hasTouchScreen=false, platform=XP, acceptSslCerts=false, goog:chromeOptions={debuggerAddress=localhost:56429}, acceptInsecureCerts=false, webStorageEnabled=true, browserName=chrome, takesScreenshot=true, javascriptEnabled=true, platformName=XP, setWindowRect=true, unexpectedAlertBehaviour=, applicationCacheEnabled=false, rotatable=false, networkConnectionEnabled=false, chrome={chromedriverVersion=2.41.578737 (49da6702b16031c40d63e5618de03a32ff6c197e), userDataDir=C:\Users\Narayana\AppData\Local\Temp\scoped_dir10784_21281}, takesHeapSnapshot=true, unhandledPromptBehavior=, pageLoadStrategy=normal, databaseEnabled=false, handlesAlerts=true, version=68.0.3440.106, browserConnectionEnabled=false, nativeEvents=true, locationContextEnabled=true, cssSelectorsEnabled=true}]&#10;Session ID: e852c963208570e6f1a86e156c93c1ff&#10;*** Element info: {Using=xpath, value=//input[@name='version']}&#13;&#10;&#9;at sun.reflect.NativeConstructorAccessorImpl.newInstance0(Native Method)&#13;&#10;&#9;at sun.reflect.NativeConstructorAccessorImpl.newInstance(Unknown Source)&#13;&#10;&#9;at sun.reflect.DelegatingConstructorAccessorImpl.newInstance(Unknown Source)&#13;&#10;&#9;at java.lang.reflect.Constructor.newInstance(Unknown Source)&#13;&#10;&#9;at org.openqa.selenium.remote.ErrorHandler.createThrowable(ErrorHandler.java:215)&#13;&#10;&#9;at org.openqa.selenium.remote.ErrorHandler.throwIfResponseFailed(ErrorHandler.java:167)&#13;&#10;&#9;at org.openqa.selenium.remote.http.JsonHttpResponseCodec.reconstructValue(JsonHttpResponseCodec.java:40)&#13;&#10;&#9;at org.openqa.selenium.remote.http.AbstractHttpResponseCodec.decode(AbstractHttpResponseCodec.java:82)&#13;&#10;&#9;at org.openqa.selenium.remote.http.AbstractHttpResponseCodec.decode(AbstractHttpResponseCodec.java:45)&#13;&#10;&#9;at org.openqa.selenium.remote.HttpCommandExecutor.execute(HttpCommandExecutor.java:164)&#13;&#10;&#9;at org.openqa.selenium.remote.service.DriverCommandExecutor.execute(DriverCommandExecutor.java:82)&#13;&#10;&#9;at org.openqa.selenium.remote.RemoteWebDriver.execute(RemoteWebDriver.java:646)&#13;&#10;&#9;at org.openqa.selenium.remote.RemoteWebDriver.findElement(RemoteWebDriver.java:416)&#13;&#10;&#9;at org.openqa.selenium.remote.RemoteWebDriver.findElementByXPath(RemoteWebDriver.java:518)&#13;&#10;&#9;at org.openqa.selenium.By$ByXPath.findElement(By.java:361)&#13;&#10;&#9;at org.openqa.selenium.remote.RemoteWebDriver.findElement(RemoteWebDriver.java:408)&#13;&#10;&#9;at org.openqa.selenium.support.pagefactory.DefaultElementLocator.findElement(DefaultElementLocator.java:69)&#13;&#10;&#9;at org.openqa.selenium.support.pagefactory.internal.LocatingElementHandler.invoke(LocatingElementHandler.java:38)&#13;&#10;&#9;at com.sun.proxy.$Proxy18.sendKeys(Unknown Source)&#13;&#10;&#9;at stepDefinations.CaseCreationStepDefination.user_enters_Case_creation_details(CaseCreationStepDefination.java:62)&#13;&#10;&#9;at ✽.And User enters Case creation details(F:/CucumberFramework/Framework/src/test/resources/features/TestMultipleScenario.feature:29)&#13;&#10;"><![CDATA[Given User is on CRMHomePage................................................passed
Then User Navigate to New CaseCreation Page.................................passed
And User enters Case creation details.......................................failed

StackTrace:
org.openqa.selenium.NoSuchElementException: no such element: Unable to locate element: {"method":"xpath","selector":"//input[@name='version']"}
  (Session info: chrome=68.0.3440.106)
  (Driver info: chromedriver=2.41.578737 (49da6702b16031c40d63e5618de03a32ff6c197e),platform=Windows NT 10.0.17134 x86_64) (WARNING: The server did not provide any stacktrace information)
Command duration or timeout: 0 milliseconds
For documentation on this error, please visit: http://seleniumhq.org/exceptions/no_such_element.html
Build info: version: '3.5.3', revision: 'a88d25fe6b', time: '2017-08-29T12:42:44.417Z'
System info: host: 'DESKTOP-E8IIGOH', ip: '192.168.0.8', os.name: 'Windows 10', os.arch: 'amd64', os.version: '10.0', java.version: '1.8.0_121'
Driver info: org.openqa.selenium.chrome.ChromeDriver
Capabilities [{mobileEmulationEnabled=false, hasTouchScreen=false, platform=XP, acceptSslCerts=false, goog:chromeOptions={debuggerAddress=localhost:56429}, acceptInsecureCerts=false, webStorageEnabled=true, browserName=chrome, takesScreenshot=true, javascriptEnabled=true, platformName=XP, setWindowRect=true, unexpectedAlertBehaviour=, applicationCacheEnabled=false, rotatable=false, networkConnectionEnabled=false, chrome={chromedriverVersion=2.41.578737 (49da6702b16031c40d63e5618de03a32ff6c197e), userDataDir=C:\Users\Narayana\AppData\Local\Temp\scoped_dir10784_21281}, takesHeapSnapshot=true, unhandledPromptBehavior=, pageLoadStrategy=normal, databaseEnabled=false, handlesAlerts=true, version=68.0.3440.106, browserConnectionEnabled=false, nativeEvents=true, locationContextEnabled=true, cssSelectorsEnabled=true}]
Session ID: e852c963208570e6f1a86e156c93c1ff
*** Element info: {Using=xpath, value=//input[@name='version']}
	at sun.reflect.NativeConstructorAccessorImpl.newInstance0(Native Method)
	at sun.reflect.NativeConstructorAccessorImpl.newInstance(Unknown Source)
	at sun.reflect.DelegatingConstructorAccessorImpl.newInstance(Unknown Source)
	at java.lang.reflect.Constructor.newInstance(Unknown Source)
	at org.openqa.selenium.remote.ErrorHandler.createThrowable(ErrorHandler.java:215)
	at org.openqa.selenium.remote.ErrorHandler.throwIfResponseFailed(ErrorHandler.java:167)
	at org.openqa.selenium.remote.http.JsonHttpResponseCodec.reconstructValue(JsonHttpResponseCodec.java:40)
	at org.openqa.selenium.remote.http.AbstractHttpResponseCodec.decode(AbstractHttpResponseCodec.java:82)
	at org.openqa.selenium.remote.http.AbstractHttpResponseCodec.decode(AbstractHttpResponseCodec.java:45)
	at org.openqa.selenium.remote.HttpCommandExecutor.execute(HttpCommandExecutor.java:164)
	at org.openqa.selenium.remote.service.DriverCommandExecutor.execute(DriverCommandExecutor.java:82)
	at org.openqa.selenium.remote.RemoteWebDriver.execute(RemoteWebDriver.java:646)
	at org.openqa.selenium.remote.RemoteWebDriver.findElement(RemoteWebDriver.java:416)
	at org.openqa.selenium.remote.RemoteWebDriver.findElementByXPath(RemoteWebDriver.java:518)
	at org.openqa.selenium.By$ByXPath.findElement(By.java:361)
	at org.openqa.selenium.remote.RemoteWebDriver.findElement(RemoteWebDriver.java:408)
	at org.openqa.selenium.support.pagefactory.DefaultElementLocator.findElement(DefaultElementLocator.java:69)
	at org.openqa.selenium.support.pagefactory.internal.LocatingElementHandler.invoke(LocatingElementHandler.java:38)
	at com.sun.proxy.$Proxy18.sendKeys(Unknown Source)
	at stepDefinations.CaseCreationStepDefination.user_enters_Case_creation_details(CaseCreationStepDefination.java:62)
	at ✽.And User enters Case creation details(F:/CucumberFramework/Framework/src/test/resources/features/TestMultipleScenario.feature:29)
]]></failure>
</testcase>
</testsuite>
ers.statements.RunAfters.evaluate(RunAfters.java:27)
	at org.junit.runners.ParentRunner.run(ParentRunner.java:363)
	at cucumber.api.junit.Cucumber.run(Cucumber.java:100)
	at org.eclipse.jdt.internal.junit4.runner.JUnit4TestReference.run(JUnit4TestReference.java:86)
	at org.eclipse.jdt.internal.junit.runner.TestExecution.run(TestExecution.java:38)
	at org.eclipse.jdt.internal.junit.runner.RemoteTestRunner.runTests(RemoteTestRunner.java:459)
	at org.eclipse.jdt.internal.junit.runner.RemoteTestRunner.runTests(RemoteTestRunner.java:678)
	at org.eclipse.jdt.internal.junit.runner.RemoteTestRunner.run(RemoteTestRunner.java:382)
	at org.eclipse.jdt.internal.junit.runner.RemoteTestRunner.main(RemoteTestRunner.java:192)
Caused by: org.openqa.selenium.net.UrlChecker$TimeoutException: Timed out waiting for [http://localhost:5491/status] to be available after 20119 ms
	at org.openqa.selenium.net.UrlChecker.waitUntilAvailable(UrlChecker.java:102)
	at org.openqa.selenium.remote.service.DriverService.waitUntilAvailable(DriverService.java:187)
	... 49 more
Caused by: java.util.concurrent.TimeoutException
	at java.util.concurrent.FutureTask.get(Unknown Source)
	at com.google.common.util.concurrent.SimpleTimeLimiter.callWithTimeout(SimpleTimeLimiter.java:147)
	at org.openqa.selenium.net.UrlChecker.waitUntilAvailable(UrlChecker.java:77)
	... 50 more
]]></failure>
</testcase>
<testcase classname="This feature file contains scenarios for Contact creation and Deals creation" name="This scenario is to create Deal in CRM Application" time="20.033247">
<failure message="org.openqa.selenium.WebDriverException: Timed out waiting for driver server to start.&#10;Build info: version: '3.5.3', revision: 'a88d25fe6b', time: '2017-08-29T12:42:44.417Z'&#10;System info: host: 'DESKTOP-E8IIGOH', ip: '192.168.0.8', os.name: 'Windows 10', os.arch: 'amd64', os.version: '10.0', java.version: '1.8.0_121'&#10;Driver info: driver.version: ChromeDriver&#13;&#10;&#9;at org.openqa.selenium.remote.service.DriverService.waitUntilAvailable(DriverService.java:192)&#13;&#10;&#9;at org.openqa.selenium.remote.service.DriverService.start(DriverService.java:178)&#13;&#10;&#9;at org.openqa.selenium.remote.service.DriverCommandExecutor.execute(DriverCommandExecutor.java:78)&#13;&#10;&#9;at org.openqa.selenium.remote.RemoteWebDriver.execute(RemoteWebDriver.java:646)&#13;&#10;&#9;at org.openqa.selenium.remote.RemoteWebDriver.startSession(RemoteWebDriver.java:255)&#13;&#10;&#9;at org.openqa.selenium.remote.RemoteWebDriver.startSession(RemoteWebDriver.java:237)&#13;&#10;&#9;at org.openqa.selenium.remote.RemoteWebDriver.&lt;init&gt;(RemoteWebDriver.java:138)&#13;&#10;&#9;at org.openqa.selenium.chrome.ChromeDriver.&lt;init&gt;(ChromeDriver.java:178)&#13;&#10;&#9;at org.openqa.selenium.chrome.ChromeDriver.&lt;init&gt;(ChromeDriver.java:167)&#13;&#10;&#9;at org.openqa.selenium.chrome.ChromeDriver.&lt;init&gt;(ChromeDriver.java:124)&#13;&#10;&#9;at factory.BrowserFactory.getBrowser(BrowserFactory.java:38)&#13;&#10;&#9;at stepDefinations.ContactCreationStepDefination.driverSetUp(ContactCreationStepDefination.java:64)&#13;&#10;&#9;at sun.reflect.NativeMethodAccessorImpl.invoke0(Native Method)&#13;&#10;&#9;at sun.reflect.NativeMethodAccessorImpl.invoke(Unknown Source)&#13;&#10;&#9;at sun.reflect.DelegatingMethodAccessorImpl.invoke(Unknown Source)&#13;&#10;&#9;at java.lang.reflect.Method.invoke(Unknown Source)&#13;&#10;&#9;at cucumber.runtime.Utils$1.call(Utils.java:40)&#13;&#10;&#9;at cucumber.runtime.Timeout.timeout(Timeout.java:16)&#13;&#10;&#9;at cucumber.runtime.Utils.invoke(Utils.java:34)&#13;&#10;&#9;at cucumber.runtime.java.JavaHookDefinition.execute(JavaHookDefinition.java:60)&#13;&#10;&#9;at cucumber.runtime.Runtime.runHookIfTagsMatch(Runtime.java:224)&#13;&#10;&#9;at cucumber.runtime.Runtime.runHooks(Runtime.java:212)&#13;&#10;&#9;at cucumber.runtime.Runtime.runBeforeHooks(Runtime.java:202)&#13;&#10;&#9;at cucumber.runtime.model.CucumberScenario.run(CucumberScenario.java:40)&#13;&#10;&#9;at cucumber.runtime.junit.ExecutionUnitRunner.run(ExecutionUnitRunner.java:102)&#13;&#10;&#9;at cucumber.runtime.junit.FeatureRunner.runChild(FeatureRunner.java:63)&#13;&#10;&#9;at cucumber.runtime.junit.FeatureRunner.runChild(FeatureRunner.java:18)&#13;&#10;&#9;at org.junit.runners.ParentRunner$3.run(ParentRunner.java:290)&#13;&#10;&#9;at org.junit.runners.ParentRunner$1.schedule(ParentRunner.java:71)&#13;&#10;&#9;at org.junit.runners.ParentRunner.runChildren(ParentRunner.java:288)&#13;&#10;&#9;at org.junit.runners.ParentRunner.access$000(ParentRunner.java:58)&#13;&#10;&#9;at org.junit.runners.ParentRunner$2.evaluate(ParentRunner.java:268)&#13;&#10;&#9;at org.junit.runners.ParentRunner.run(ParentRunner.java:363)&#13;&#10;&#9;at cucumber.runtime.junit.FeatureRunner.run(FeatureRunner.java:70)&#13;&#10;&#9;at cucumber.api.junit.Cucumber.runChild(Cucumber.java:95)&#13;&#10;&#9;at cucumber.api.junit.Cucumber.runChild(Cucumber.java:38)&#13;&#10;&#9;at org.junit.runners.ParentRunner$3.run(ParentRunner.java:290)&#13;&#10;&#9;at org.junit.runners.ParentRunner$1.schedule(ParentRunner.java:71)&#13;&#10;&#9;at org.junit.runners.ParentRunner.runChildren(ParentRunner.java:288)&#13;&#10;&#9;at org.junit.runners.ParentRunner.access$000(ParentRunner.java:58)&#13;&#10;&#9;at org.junit.runners.ParentRunner$2.evaluate(ParentRunner.java:268)&#13;&#10;&#9;at org.junit.internal.runners.statements.RunAfters.evaluate(RunAfters.java:27)&#13;&#10;&#9;at org.junit.runners.ParentRunner.run(ParentRunner.java:363)&#13;&#10;&#9;at cucumber.api.junit.Cucumber.run(Cucumber.java:100)&#13;&#10;&#9;at org.eclipse.jdt.internal.junit4.runner.JUnit4TestReference.run(JUnit4TestReference.java:86)&#13;&#10;&#9;at org.eclipse.jdt.internal.junit.runner.TestExecution.run(TestExecution.java:38)&#13;&#10;&#9;at org.eclipse.jdt.internal.junit.runner.RemoteTestRunner.runTests(RemoteTestRunner.java:459)&#13;&#10;&#9;at org.eclipse.jdt.internal.junit.runner.RemoteTestRunner.runTests(RemoteTestRunner.java:678)&#13;&#10;&#9;at org.eclipse.jdt.internal.junit.runner.RemoteTestRunner.run(RemoteTestRunner.java:382)&#13;&#10;&#9;at org.eclipse.jdt.internal.junit.runner.RemoteTestRunner.main(RemoteTestRunner.java:192)&#13;&#10;Caused by: org.openqa.selenium.net.UrlChecker$TimeoutException: Timed out waiting for [http://localhost:7652/status] to be available after 20005 ms&#13;&#10;&#9;at org.openqa.selenium.net.UrlChecker.waitUntilAvailable(UrlChecker.java:102)&#13;&#10;&#9;at org.openqa.selenium.remote.service.DriverService.waitUntilAvailable(DriverService.java:187)&#13;&#10;&#9;... 49 more&#13;&#10;Caused by: java.util.concurrent.TimeoutException&#13;&#10;&#9;at java.util.concurrent.FutureTask.get(Unknown Source)&#13;&#10;&#9;at com.google.common.util.concurrent.SimpleTimeLimiter.callWithTimeout(SimpleTimeLimiter.java:147)&#13;&#10;&#9;at org.openqa.selenium.net.UrlChecker.waitUntilAvailable(UrlChecker.java:77)&#13;&#10;&#9;... 50 more&#13;&#10;"><![CDATA[Given User is on CRMHomePage................................................skipped
Then User move to New Deal Page.............................................skipped
Then User enters deals details..............................................skipped
Then Deal Created Succesfully...............................................skipped

StackTrace:
org.openqa.selenium.WebDriverException: Timed out waiting for driver server to start.
Build info: version: '3.5.3', revision: 'a88d25fe6b', time: '2017-08-29T12:42:44.417Z'
System info: host: 'DESKTOP-E8IIGOH', ip: '192.168.0.8', os.name: 'Windows 10', os.arch: 'amd64', os.version: '10.0', java.version: '1.8.0_121'
Driver info: driver.version: ChromeDriver
	at org.openqa.selenium.remote.service.DriverService.waitUntilAvailable(DriverService.java:192)
	at org.openqa.selenium.remote.service.DriverService.start(DriverService.java:178)
	at org.openqa.selenium.remote.service.DriverCommandExecutor.execute(DriverCommandExecutor.java:78)
	at org.openqa.selenium.remote.RemoteWebDriver.execute(RemoteWebDriver.java:646)
	at org.openqa.selenium.remote.RemoteWebDriver.startSession(RemoteWebDriver.java:255)
	at org.openqa.selenium.remote.RemoteWebDriver.startSession(RemoteWebDriver.java:237)
	at org.openqa.selenium.remote.RemoteWebDriver.<init>(RemoteWebDriver.java:138)
	at org.openqa.selenium.chrome.ChromeDriver.<init>(ChromeDriver.java:178)
	at org.openqa.selenium.chrome.ChromeDriver.<init>(ChromeDriver.java:167)
	at org.openqa.selenium.chrome.ChromeDriver.<init>(ChromeDriver.java:124)
	at factory.BrowserFactory.getBrowser(BrowserFactory.java:38)
	at stepDefinations.ContactCreationStepDefination.driverSetUp(ContactCreationStepDefination.java:64)
	at sun.reflect.NativeMethodAccessorImpl.invoke0(Native Method)
	at sun.reflect.NativeMethodAccessorImpl.invoke(Unknown Source)
	at sun.reflect.DelegatingMethodAccessorImpl.invoke(Unknown Source)
	at java.lang.reflect.Method.invoke(Unknown Source)
	at cucumber.runtime.Utils$1.call(Utils.java:40)
	at cucumber.runtime.Timeout.timeout(Timeout.java:16)
	at cucumber.runtime.Utils.invoke(Utils.java:34)
	at cucumber.runtime.java.JavaHookDefinition.execute(JavaHookDefinition.java:60)
	at cucumber.runtime.Runtime.runHookIfTagsMatch(Runtime.java:224)
	at cucumber.runtime.Runtime.runHooks(Runtime.java:212)
	at cucumber.runtime.Runtime.runBeforeHooks(Runtime.java:202)
	at cucumber.runtime.model.CucumberScenario.run(CucumberScenario.java:40)
	at cucumber.runtime.junit.ExecutionUnitRunner.run(ExecutionUnitRunner.java:102)
	at cucumber.runtime.junit.FeatureRunner.runChild(FeatureRunner.java:63)
	at cucumber.runtime.junit.FeatureRunner.runChild(FeatureRunner.java:18)
	at org.junit.runners.ParentRunner$3.run(ParentRunner.java:290)
	at org.junit.runners.ParentRunner$1.schedule(ParentRunner.java:71)
	at org.junit.runners.ParentRunner.runChildren(ParentRunner.java:288)
	at org.junit.runners.ParentRunner.access$000(ParentRunner.java:58)
	at org.junit.runners.ParentRunner$2.evaluate(ParentRunner.java:268)
	at org.junit.runners.ParentRunner.run(ParentRunner.java:363)
	at cucumber.runtime.junit.FeatureRunner.run(FeatureRunner.java:70)
	at cucumber.api.junit.Cucumber.runChild(Cucumber.java:95)
	at cucumber.api.junit.Cucumber.runChild(Cucumber.java:38)
	at org.junit.runners.ParentRunner$3.run(ParentRunner.java:290)
	at org.junit.runners.ParentRunner$1.schedule(ParentRunner.java:71)
	at org.junit.runners.ParentRunner.runChildren(ParentRunner.java:288)
	at org.junit.runners.ParentRunner.access$000(ParentRunner.java:58)
	at org.junit.runners.ParentRunner$2.evaluate(ParentRunner.java:268)
	at org.junit.internal.runners.statements.RunAfters.evaluate(RunAfters.java:27)
	at org.junit.runners.ParentRunner.run(ParentRunner.java:363)
	at cucumber.api.junit.Cucumber.run(Cucumber.java:100)
	at org.eclipse.jdt.internal.junit4.runner.JUnit4TestReference.run(JUnit4TestReference.java:86)
	at org.eclipse.jdt.internal.junit.runner.TestExecution.run(TestExecution.java:38)
	at org.eclipse.jdt.internal.junit.runner.RemoteTestRunner.runTests(RemoteTestRunner.java:459)
	at org.eclipse.jdt.internal.junit.runner.RemoteTestRunner.runTests(RemoteTestRunner.java:678)
	at org.eclipse.jdt.internal.junit.runner.RemoteTestRunner.run(RemoteTestRunner.java:382)
	at org.eclipse.jdt.internal.junit.runner.RemoteTestRunner.main(RemoteTestRunner.java:192)
Caused by: org.openqa.selenium.net.UrlChecker$TimeoutException: Timed out waiting for [http://localhost:7652/status] to be available after 20005 ms
	at org.openqa.selenium.net.UrlChecker.waitUntilAvailable(UrlChecker.java:102)
	at org.openqa.selenium.remote.service.DriverService.waitUntilAvailable(DriverService.java:187)
	... 49 more
Caused by: java.util.concurrent.TimeoutException
	at java.util.concurrent.FutureTask.get(Unknown Source)
	at com.google.common.util.concurrent.SimpleTimeLimiter.callWithTimeout(SimpleTimeLimiter.java:147)
	at org.openqa.selenium.net.UrlChecker.waitUntilAvailable(UrlChecker.java:77)
	... 50 more
]]></failure>
</testcase>
<testcase classname="This feature file contains scenarios for Contact creation and Deals creation" name="This scenario is to create Case in CRM Application" time="22.401309">
<failure message="org.openqa.selenium.WebDriverException: Timed out waiting for driver server to start.&#10;Build info: version: '3.5.3', revision: 'a88d25fe6b', time: '2017-08-29T12:42:44.417Z'&#10;System info: host: 'DESKTOP-E8IIGOH', ip: '192.168.0.8', os.name: 'Windows 10', os.arch: 'amd64', os.version: '10.0', java.version: '1.8.0_121'&#10;Driver info: driver.version: ChromeDriver&#13;&#10;&#9;at org.openqa.selenium.remote.service.DriverService.waitUntilAvailable(DriverService.java:192)&#13;&#10;&#9;at org.openqa.selenium.remote.service.DriverService.start(DriverService.java:178)&#13;&#10;&#9;at org.openqa.selenium.remote.service.DriverCommandExecutor.execute(DriverCommandExecutor.java:78)&#13;&#10;&#9;at org.openqa.selenium.remote.RemoteWebDriver.execute(RemoteWebDriver.java:646)&#13;&#10;&#9;at org.openqa.selenium.remote.RemoteWebDriver.startSession(RemoteWebDriver.java:255)&#13;&#10;&#9;at org.openqa.selenium.remote.RemoteWebDriver.startSession(RemoteWebDriver.java:237)&#13;&#10;&#9;at org.openqa.selenium.remote.RemoteWebDriver.&lt;init&gt;(RemoteWebDriver.java:138)&#13;&#10;&#9;at org.openqa.selenium.chrome.ChromeDriver.&lt;init&gt;(ChromeDriver.java:178)&#13;&#10;&#9;at org.openqa.selenium.chrome.ChromeDriver.&lt;init&gt;(ChromeDriver.java:167)&#13;&#10;&#9;at org.openqa.selenium.chrome.ChromeDriver.&lt;init&gt;(ChromeDriver.java:124)&#13;&#10;&#9;at factory.BrowserFactory.getBrowser(BrowserFactory.java:38)&#13;&#10;&#9;at stepDefinations.ContactCreationStepDefination.driverSetUp(ContactCreationStepDefination.java:64)&#13;&#10;&#9;at sun.reflect.NativeMethodAccessorImpl.invoke0(Native Method)&#13;&#10;&#9;at sun.reflect.NativeMethodAccessorImpl.invoke(Unknown Source)&#13;&#10;&#9;at sun.reflect.DelegatingMethodAccessorImpl.invoke(Unknown Source)&#13;&#10;&#9;at java.lang.reflect.Method.invoke(Unknown Source)&#13;&#10;&#9;at cucumber.runtime.Utils$1.call(Utils.java:40)&#13;&#10;&#9;at cucumber.runtime.Timeout.timeout(Timeout.java:16)&#13;&#10;&#9;at cucumber.runtime.Utils.invoke(Utils.java:34)&#13;&#10;&#9;at cucumber.runtime.java.JavaHookDefinition.execute(JavaHookDefinition.java:60)&#13;&#10;&#9;at cucumber.runtime.Runtime.runHookIfTagsMatch(Runtime.java:224)&#13;&#10;&#9;at cucumber.runtime.Runtime.runHooks(Runtime.java:212)&#13;&#10;&#9;at cucumber.runtime.Runtime.runBeforeHooks(Runtime.java:202)&#13;&#10;&#9;at cucumber.runtime.model.CucumberScenario.run(CucumberScenario.java:40)&#13;&#10;&#9;at cucumber.runtime.junit.ExecutionUnitRunner.run(ExecutionUnitRunner.java:102)&#13;&#10;&#9;at cucumber.runtime.junit.FeatureRunner.runChild(FeatureRunner.java:63)&#13;&#10;&#9;at cucumber.runtime.junit.FeatureRunner.runChild(FeatureRunner.java:18)&#13;&#10;&#9;at org.junit.runners.ParentRunner$3.run(ParentRunner.java:290)&#13;&#10;&#9;at org.junit.runners.ParentRunner$1.schedule(ParentRunner.java:71)&#13;&#10;&#9;at org.junit.runners.ParentRunner.runChildren(ParentRunner.java:288)&#13;&#10;&#9;at org.junit.runners.ParentRunner.access$000(ParentRunner.java:58)&#13;&#10;&#9;at org.junit.runners.ParentRunner$2.evaluate(ParentRunner.java:268)&#13;&#10;&#9;at org.junit.runners.ParentRunner.run(ParentRunner.java:363)&#13;&#10;&#9;at cucumber.runtime.junit.FeatureRunner.run(FeatureRunner.java:70)&#13;&#10;&#9;at cucumber.api.junit.Cucumber.runChild(Cucumber.java:95)&#13;&#10;&#9;at cucumber.api.junit.Cucumber.runChild(Cucumber.java:38)&#13;&#10;&#9;at org.junit.runners.ParentRunner$3.run(ParentRunner.java:290)&#13;&#10;&#9;at org.junit.runners.ParentRunner$1.schedule(ParentRunner.java:71)&#13;&#10;&#9;at org.junit.runners.ParentRunner.runChildren(ParentRunner.java:288)&#13;&#10;&#9;at org.junit.runners.ParentRunner.access$000(ParentRunner.java:58)&#13;&#10;&#9;at org.junit.runners.ParentRunner$2.evaluate(ParentRunner.java:268)&#13;&#10;&#9;at org.junit.internal.runners.statements.RunAfters.evaluate(RunAfters.java:27)&#13;&#10;&#9;at org.junit.runners.ParentRunner.run(ParentRunner.java:363)&#13;&#10;&#9;at cucumber.api.junit.Cucumber.run(Cucumber.java:100)&#13;&#10;&#9;at org.eclipse.jdt.internal.junit4.runner.JUnit4TestReference.run(JUnit4TestReference.java:86)&#13;&#10;&#9;at org.eclipse.jdt.internal.junit.runner.TestExecution.run(TestExecution.java:38)&#13;&#10;&#9;at org.eclipse.jdt.internal.junit.runner.RemoteTestRunner.runTests(RemoteTestRunner.java:459)&#13;&#10;&#9;at org.eclipse.jdt.internal.junit.runner.RemoteTestRunner.runTests(RemoteTestRunner.java:678)&#13;&#10;&#9;at org.eclipse.jdt.internal.junit.runner.RemoteTestRunner.run(RemoteTestRunner.java:382)&#13;&#10;&#9;at org.eclipse.jdt.internal.junit.runner.RemoteTestRunner.main(RemoteTestRunner.java:192)&#13;&#10;Caused by: org.openqa.selenium.net.UrlChecker$TimeoutException: Timed out waiting for [http://localhost:34228/status] to be available after 20002 ms&#13;&#10;&#9;at org.openqa.selenium.net.UrlChecker.waitUntilAvailable(UrlChecker.java:102)&#13;&#10;&#9;at org.openqa.selenium.remote.service.DriverService.waitUntilAvailable(DriverService.java:187)&#13;&#10;&#9;... 49 more&#13;&#10;Caused by: java.util.concurrent.TimeoutException&#13;&#10;&#9;at java.util.concurrent.FutureTask.get(Unknown Source)&#13;&#10;&#9;at com.google.common.util.concurrent.SimpleTimeLimiter.callWithTimeout(SimpleTimeLimiter.java:147)&#13;&#10;&#9;at org.openqa.selenium.net.UrlChecker.waitUntilAvailable(UrlChecker.java:77)&#13;&#10;&#9;... 50 more&#13;&#10;"><![CDATA[Given User is on CRMHomePage................................................skipped
Then User Navigate to New CaseCreation Page.................................skipped
And User enters Case creation details.......................................skipped

StackTrace:
org.openqa.selenium.WebDriverException: Timed out waiting for driver server to start.
Build info: version: '3.5.3', revision: 'a88d25fe6b', time: '2017-08-29T12:42:44.417Z'
System info: host: 'DESKTOP-E8IIGOH', ip: '192.168.0.8', os.name: 'Windows 10', os.arch: 'amd64', os.version: '10.0', java.version: '1.8.0_121'
Driver info: driver.version: ChromeDriver
	at org.openqa.selenium.remote.service.DriverService.waitUntilAvailable(DriverService.java:192)
	at org.openqa.selenium.remote.service.DriverService.start(DriverService.java:178)
	at org.openqa.selenium.remote.service.DriverCommandExecutor.execute(DriverCommandExecutor.java:78)
	at org.openqa.selenium.remote.RemoteWebDriver.execute(RemoteWebDriver.java:646)
	at org.openqa.selenium.remote.RemoteWebDriver.startSession(RemoteWebDriver.java:255)
	at org.openqa.selenium.remote.RemoteWebDriver.startSession(RemoteWebDriver.java:237)
	at org.openqa.selenium.remote.RemoteWebDriver.<init>(RemoteWebDriver.java:138)
	at org.openqa.selenium.chrome.ChromeDriver.<init>(ChromeDriver.java:178)
	at org.openqa.selenium.chrome.ChromeDriver.<init>(ChromeDriver.java:167)
	at org.openqa.selenium.chrome.ChromeDriver.<init>(ChromeDriver.java:124)
	at factory.BrowserFactory.getBrowser(BrowserFactory.java:38)
	at stepDefinations.ContactCreationStepDefination.driverSetUp(ContactCreationStepDefination.java:64)
	at sun.reflect.NativeMethodAccessorImpl.invoke0(Native Method)
	at sun.reflect.NativeMethodAccessorImpl.invoke(Unknown Source)
	at sun.reflect.DelegatingMethodAccessorImpl.invoke(Unknown Source)
	at java.lang.reflect.Method.invoke(Unknown Source)
	at cucumber.runtime.Utils$1.call(Utils.java:40)
	at cucumber.runtime.Timeout.timeout(Timeout.java:16)
	at cucumber.runtime.Utils.invoke(Utils.java:34)
	at cucumber.runtime.java.JavaHookDefinition.execute(JavaHookDefinition.java:60)
	at cucumber.runtime.Runtime.runHookIfTagsMatch(Runtime.java:224)
	at cucumber.runtime.Runtime.runHooks(Runtime.java:212)
	at cucumber.runtime.Runtime.runBeforeHooks(Runtime.java:202)
	at cucumber.runtime.model.CucumberScenario.run(CucumberScenario.java:40)
	at cucumber.runtime.junit.ExecutionUnitRunner.run(ExecutionUnitRunner.java:102)
	at cucumber.runtime.junit.FeatureRunner.runChild(FeatureRunner.java:63)
	at cucumber.runtime.junit.FeatureRunner.runChild(FeatureRunner.java:18)
	at org.junit.runners.ParentRunner$3.run(ParentRunner.java:290)
	at org.junit.runners.ParentRunner$1.schedule(ParentRunner.java:71)
	at org.junit.runners.ParentRunner.runChildren(ParentRunner.java:288)
	at org.junit.runners.ParentRunner.access$000(ParentRunner.java:58)
	at org.junit.runners.ParentRunner$2.evaluate(ParentRunner.java:268)
	at org.junit.runners.ParentRunner.run(ParentRunner.java:363)
	at cucumber.runtime.junit.FeatureRunner.run(FeatureRunner.java:70)
	at cucumber.api.junit.Cucumber.runChild(Cucumber.java:95)
	at cucumber.api.junit.Cucumber.runChild(Cucumber.java:38)
	at org.junit.runners.ParentRunner$3.run(ParentRunner.java:290)
	at org.junit.runners.ParentRunner$1.schedule(ParentRunner.java:71)
	at org.junit.runners.ParentRunner.runChildren(ParentRunner.java:288)
	at org.junit.runners.ParentRunner.access$000(ParentRunner.java:58)
	at org.junit.runners.ParentRunner$2.evaluate(ParentRunner.java:268)
	at org.junit.internal.runners.statements.RunAfters.evaluate(RunAfters.java:27)
	at org.junit.runners.ParentRunner.run(ParentRunner.java:363)
	at cucumber.api.junit.Cucumber.run(Cucumber.java:100)
	at org.eclipse.jdt.internal.junit4.runner.JUnit4TestReference.run(JUnit4TestReference.java:86)
	at org.eclipse.jdt.internal.junit.runner.TestExecution.run(TestExecution.java:38)
	at org.eclipse.jdt.internal.junit.runner.RemoteTestRunner.runTests(RemoteTestRunner.java:459)
	at org.eclipse.jdt.internal.junit.runner.RemoteTestRunner.runTests(RemoteTestRunner.java:678)
	at org.eclipse.jdt.internal.junit.runner.RemoteTestRunner.run(RemoteTestRunner.java:382)
	at org.eclipse.jdt.internal.junit.runner.RemoteTestRunner.main(RemoteTestRunner.java:192)
Caused by: org.openqa.selenium.net.UrlChecker$TimeoutException: Timed out waiting for [http://localhost:34228/status] to be available after 20002 ms
	at org.openqa.selenium.net.UrlChecker.waitUntilAvailable(UrlChecker.java:102)
	at org.openqa.selenium.remote.service.DriverService.waitUntilAvailable(DriverService.java:187)
	... 49 more
Caused by: java.util.concurrent.TimeoutException
	at java.util.concurrent.FutureTask.get(Unknown Source)
	at com.google.common.util.concurrent.SimpleTimeLimiter.callWithTimeout(SimpleTimeLimiter.java:147)
	at org.openqa.selenium.net.UrlChecker.waitUntilAvailable(UrlChecker.java:77)
	... 50 more
]]></failure>
</testcase>
</testsuite>
